<?xml version="1.0" encoding="UTF-8"?>
<robot generator="Robot 7.3.1 (Python 3.11.9 on win32)" generated="2025-08-17T17:48:16.688813" rpa="false" schemaversion="5">
<suite id="s1" name="Test" source="C:\Users\Crwar\Desktop\Portfolio\robot-framework\robot-framework-api\Test">
<suite id="s1-s1" name="E2E" source="C:\Users\Crwar\Desktop\Portfolio\robot-framework\robot-framework-api\Test\E2E.robot">
<kw name="Evaluate" owner="BuiltIn" type="SETUP">
<arg>urllib3.disable_warnings()</arg>
<arg>urllib3</arg>
<doc>Evaluates the given expression in Python and returns the result.</doc>
<status status="PASS" start="2025-08-17T17:48:17.197694" elapsed="0.000000"/>
</kw>
<test id="s1-s1-t1" name="Verify that a user can successfully register, log in, add 10 contacts, export contacts as JSON, delete all contacts, and log out" line="7">
<kw name="Register New User" owner="function_keywords">
<group name="Prepare Headers and JSON Body for Register API">
<kw name="First Name" owner="faker">
<msg time="2025-08-17T17:48:17.198699" level="INFO">${first_name} = Cassandra</msg>
<var>${first_name}</var>
<status status="PASS" start="2025-08-17T17:48:17.198699" elapsed="0.000000"/>
</kw>
<kw name="Last Name" owner="faker">
<msg time="2025-08-17T17:48:17.198699" level="INFO">${last_name} = Patel</msg>
<var>${last_name}</var>
<status status="PASS" start="2025-08-17T17:48:17.198699" elapsed="0.000000"/>
</kw>
<kw name="Generate Email And Password" owner="function_keywords">
<kw name="Get Current Date" owner="DateTime">
<msg time="2025-08-17T17:48:17.199703" level="INFO">${current_date} = 20250817174817</msg>
<var>${current_date}</var>
<arg>result_format=%Y%m%d%H%M%S</arg>
<doc>Returns current local or UTC time with an optional increment.</doc>
<status status="PASS" start="2025-08-17T17:48:17.198699" elapsed="0.001004"/>
</kw>
<kw name="Set Variable" owner="BuiltIn">
<msg time="2025-08-17T17:48:17.199703" level="INFO">${email} = t20250817174817@gmail.com</msg>
<var>${email}</var>
<arg>t${current_date}@gmail.com</arg>
<doc>Returns the given values which can then be assigned to a variables.</doc>
<status status="PASS" start="2025-08-17T17:48:17.199703" elapsed="0.000000"/>
</kw>
<kw name="Generate Random String" owner="String">
<msg time="2025-08-17T17:48:17.199703" level="INFO">${password} = R5TW19dF4Z</msg>
<var>${password}</var>
<arg>10</arg>
<doc>Generates a string with a desired ``length`` from the given ``chars``.</doc>
<status status="PASS" start="2025-08-17T17:48:17.199703" elapsed="0.000000"/>
</kw>
<return>
<value>${email}</value>
<value>${password}</value>
<status status="PASS" start="2025-08-17T17:48:17.199703" elapsed="0.000000"/>
</return>
<msg time="2025-08-17T17:48:17.199703" level="INFO">${email} = t20250817174817@gmail.com</msg>
<msg time="2025-08-17T17:48:17.199703" level="INFO">${password} = R5TW19dF4Z</msg>
<var>${email}</var>
<var>${password}</var>
<status status="PASS" start="2025-08-17T17:48:17.198699" elapsed="0.001004"/>
</kw>
<kw name="Create Dictionary" owner="BuiltIn">
<msg time="2025-08-17T17:48:17.200716" level="INFO">${body} = {'firstName': 'Cassandra', 'lastName': 'Patel', 'email': 't20250817174817@gmail.com', 'password': 'R5TW19dF4Z'}</msg>
<var>${body}</var>
<arg>firstName=${first_name}</arg>
<arg>lastName=${last_name}</arg>
<arg>email=${email}</arg>
<arg>password=${password}</arg>
<doc>Creates and returns a dictionary based on the given ``items``.</doc>
<status status="PASS" start="2025-08-17T17:48:17.199703" elapsed="0.001013"/>
</kw>
<kw name="Create Dictionary" owner="BuiltIn">
<msg time="2025-08-17T17:48:17.200716" level="INFO">${headers} = {'Content-Type': 'application/json'}</msg>
<var>${headers}</var>
<arg>Content-Type=application/json</arg>
<doc>Creates and returns a dictionary based on the given ``items``.</doc>
<status status="PASS" start="2025-08-17T17:48:17.200716" elapsed="0.000000"/>
</kw>
<status status="PASS" start="2025-08-17T17:48:17.198699" elapsed="0.002017"/>
</group>
<group name="Call Register API">
<kw name="Create Session" owner="RequestsLibrary">
<msg time="2025-08-17T17:48:17.200716" level="INFO">Creating Session using : alias=Register, url=https://thinking-tester-contact-list.herokuapp.com, headers={},                     cookies={}, auth=None, timeout=None, proxies=None, verify=False,                     debug=0 </msg>
<arg>Register</arg>
<arg>${BASE_URL}</arg>
<doc>Create Session: create a HTTP session to a server</doc>
<status status="PASS" start="2025-08-17T17:48:17.200716" elapsed="0.000000"/>
</kw>
<kw name="POST On Session" owner="RequestsLibrary">
<msg time="2025-08-17T17:48:18.359163" level="INFO">POST Request : url=https://thinking-tester-contact-list.herokuapp.com/users 
 path_url=/users 
 headers={'User-Agent': 'python-requests/2.32.4', 'Accept-Encoding': 'gzip, deflate', 'Accept': '*/*', 'Connection': 'keep-alive', 'Content-Type': 'application/json', 'Content-Length': '111'} 
 body=b'{"firstName": "Cassandra", "lastName": "Patel", "email": "t20250817174817@gmail.com", "password": "R5TW19dF4Z"}' 
 </msg>
<msg time="2025-08-17T17:48:18.359163" level="INFO">POST Response : url=https://thinking-tester-contact-list.herokuapp.com/users 
 status=201, reason=Created 
 headers={'Server': 'Cowboy', 'Report-To': '{"group":"heroku-nel","max_age":3600,"endpoints":[{"url":"https://nel.heroku.com/reports?ts=1755427697&amp;sid=af571f24-03ee-46d1-9f90-ab9030c2c74c&amp;s=cwCAHxJZI%2FP8kQEAagvURE5%2FPB0Kk%2BSLJRxRziRPFzU%3D"}]}', 'Reporting-Endpoints': 'heroku-nel=https://nel.heroku.com/reports?ts=1755427697&amp;sid=af571f24-03ee-46d1-9f90-ab9030c2c74c&amp;s=cwCAHxJZI%2FP8kQEAagvURE5%2FPB0Kk%2BSLJRxRziRPFzU%3D', 'Nel': '{"report_to":"heroku-nel","max_age":3600,"success_fraction":0.005,"failure_fraction":0.05,"response_headers":["Via"]}', 'Connection': 'keep-alive', 'X-Powered-By': 'Express', 'Set-Cookie': 'token=eyJhbGciOiJIUzI1NiIsInR5cCI6IkpXVCJ9.eyJfaWQiOiI2OGExYjM3MThhMGE0YjAwMTU5YTI3YTMiLCJpYXQiOjE3NTU0Mjc2OTd9.r8ujTF7ckxWs32o8cxne1zB47hOCFQYu0clXDqVy-Dc; Max-Age=684; Path=/; Expires=Sun, 17 Aug 2025 10:59:41 GMT', 'Content-Type': 'application/json; charset=utf-8', 'Content-Length': '290', 'Etag': 'W/"122-fEA7l+64KVUZf2dxC2Oweld8Bas"', 'Date': 'Sun, 17 Aug 2025 10:48:17 GMT', 'Via': '1.1 vegur'} 
 body={"user":{"_id":"68a1b3718a0a4b00159a27a3","firstName":"Cassandra","lastName":"Patel","email":"t20250817174817@gmail.com","__v":1},"token":"eyJhbGciOiJIUzI1NiIsInR5cCI6IkpXVCJ9.eyJfaWQiOiI2OGExYjM3MThhMGE0YjAwMTU5YTI3YTMiLCJpYXQiOjE3NTU0Mjc2OTd9.r8ujTF7ckxWs32o8cxne1zB47hOCFQYu0clXDqVy-Dc"} 
 </msg>
<msg time="2025-08-17T17:48:18.359163" level="INFO">${response} = &lt;Response [201]&gt;</msg>
<var>${response}</var>
<arg>alias=Register</arg>
<arg>url=${ADD_USER_URI}</arg>
<arg>headers=${headers}</arg>
<arg>json=${body}</arg>
<doc>Sends a POST request on a previously created HTTP Session.</doc>
<status status="PASS" start="2025-08-17T17:48:17.200716" elapsed="1.158447"/>
</kw>
<status status="PASS" start="2025-08-17T17:48:17.200716" elapsed="1.158447"/>
</group>
<group name="Response Validation">
<kw name="Should Be Equal" owner="BuiltIn">
<arg>${response.json()}[user][firstName]</arg>
<arg>${first_name}</arg>
<doc>Fails if the given objects are unequal.</doc>
<status status="PASS" start="2025-08-17T17:48:18.359163" elapsed="0.001006"/>
</kw>
<kw name="Should Be Equal" owner="BuiltIn">
<arg>${response.json()}[user][lastName]</arg>
<arg>${last_name}</arg>
<doc>Fails if the given objects are unequal.</doc>
<status status="PASS" start="2025-08-17T17:48:18.360169" elapsed="0.000000"/>
</kw>
<kw name="Should Be Equal" owner="BuiltIn">
<arg>${response.json()}[user][email]</arg>
<arg>${email}</arg>
<doc>Fails if the given objects are unequal.</doc>
<status status="PASS" start="2025-08-17T17:48:18.360169" elapsed="0.001000"/>
</kw>
<return>
<value>${response.json()}[token]</value>
<value>${first_name}</value>
<value>${last_name}</value>
<value>${email}</value>
<value>${password}</value>
<status status="PASS" start="2025-08-17T17:48:18.361169" elapsed="0.000000"/>
</return>
<status status="PASS" start="2025-08-17T17:48:18.359163" elapsed="0.002006"/>
</group>
<msg time="2025-08-17T17:48:18.361169" level="INFO">${registered_bearer_token} = eyJhbGciOiJIUzI1NiIsInR5cCI6IkpXVCJ9.eyJfaWQiOiI2OGExYjM3MThhMGE0YjAwMTU5YTI3YTMiLCJpYXQiOjE3NTU0Mjc2OTd9.r8ujTF7ckxWs32o8cxne1zB47hOCFQYu0clXDqVy-Dc</msg>
<msg time="2025-08-17T17:48:18.361169" level="INFO">${first_name} = Cassandra</msg>
<msg time="2025-08-17T17:48:18.361169" level="INFO">${last_name} = Patel</msg>
<msg time="2025-08-17T17:48:18.361169" level="INFO">${email} = t20250817174817@gmail.com</msg>
<msg time="2025-08-17T17:48:18.361169" level="INFO">${password} = R5TW19dF4Z</msg>
<var>${registered_bearer_token}</var>
<var>${first_name}</var>
<var>${last_name}</var>
<var>${email}</var>
<var>${password}</var>
<status status="PASS" start="2025-08-17T17:48:17.197694" elapsed="1.163475"/>
</kw>
<kw name="Log in with new registered user" owner="function_keywords">
<group name="Prepare Headers and JSON Body for Register API">
<kw name="Register New User" owner="function_keywords">
<group name="Prepare Headers and JSON Body for Register API">
<kw name="First Name" owner="faker">
<msg time="2025-08-17T17:48:18.363167" level="INFO">${first_name} = Linda</msg>
<var>${first_name}</var>
<status status="PASS" start="2025-08-17T17:48:18.363167" elapsed="0.000000"/>
</kw>
<kw name="Last Name" owner="faker">
<msg time="2025-08-17T17:48:18.363699" level="INFO">${last_name} = Shelton</msg>
<var>${last_name}</var>
<status status="PASS" start="2025-08-17T17:48:18.363167" elapsed="0.000532"/>
</kw>
<kw name="Generate Email And Password" owner="function_keywords">
<kw name="Get Current Date" owner="DateTime">
<msg time="2025-08-17T17:48:18.363699" level="INFO">${current_date} = 20250817174818</msg>
<var>${current_date}</var>
<arg>result_format=%Y%m%d%H%M%S</arg>
<doc>Returns current local or UTC time with an optional increment.</doc>
<status status="PASS" start="2025-08-17T17:48:18.363699" elapsed="0.000000"/>
</kw>
<kw name="Set Variable" owner="BuiltIn">
<msg time="2025-08-17T17:48:18.363699" level="INFO">${email} = t20250817174818@gmail.com</msg>
<var>${email}</var>
<arg>t${current_date}@gmail.com</arg>
<doc>Returns the given values which can then be assigned to a variables.</doc>
<status status="PASS" start="2025-08-17T17:48:18.363699" elapsed="0.000000"/>
</kw>
<kw name="Generate Random String" owner="String">
<msg time="2025-08-17T17:48:18.363699" level="INFO">${password} = wY5JERp9LS</msg>
<var>${password}</var>
<arg>10</arg>
<doc>Generates a string with a desired ``length`` from the given ``chars``.</doc>
<status status="PASS" start="2025-08-17T17:48:18.363699" elapsed="0.000000"/>
</kw>
<return>
<value>${email}</value>
<value>${password}</value>
<status status="PASS" start="2025-08-17T17:48:18.363699" elapsed="0.000000"/>
</return>
<msg time="2025-08-17T17:48:18.363699" level="INFO">${email} = t20250817174818@gmail.com</msg>
<msg time="2025-08-17T17:48:18.363699" level="INFO">${password} = wY5JERp9LS</msg>
<var>${email}</var>
<var>${password}</var>
<status status="PASS" start="2025-08-17T17:48:18.363699" elapsed="0.000000"/>
</kw>
<kw name="Create Dictionary" owner="BuiltIn">
<msg time="2025-08-17T17:48:18.364700" level="INFO">${body} = {'firstName': 'Linda', 'lastName': 'Shelton', 'email': 't20250817174818@gmail.com', 'password': 'wY5JERp9LS'}</msg>
<var>${body}</var>
<arg>firstName=${first_name}</arg>
<arg>lastName=${last_name}</arg>
<arg>email=${email}</arg>
<arg>password=${password}</arg>
<doc>Creates and returns a dictionary based on the given ``items``.</doc>
<status status="PASS" start="2025-08-17T17:48:18.363699" elapsed="0.001001"/>
</kw>
<kw name="Create Dictionary" owner="BuiltIn">
<msg time="2025-08-17T17:48:18.364700" level="INFO">${headers} = {'Content-Type': 'application/json'}</msg>
<var>${headers}</var>
<arg>Content-Type=application/json</arg>
<doc>Creates and returns a dictionary based on the given ``items``.</doc>
<status status="PASS" start="2025-08-17T17:48:18.364700" elapsed="0.000000"/>
</kw>
<status status="PASS" start="2025-08-17T17:48:18.363167" elapsed="0.001533"/>
</group>
<group name="Call Register API">
<kw name="Create Session" owner="RequestsLibrary">
<msg time="2025-08-17T17:48:18.364700" level="INFO">Creating Session using : alias=Register, url=https://thinking-tester-contact-list.herokuapp.com, headers={},                     cookies={}, auth=None, timeout=None, proxies=None, verify=False,                     debug=0 </msg>
<arg>Register</arg>
<arg>${BASE_URL}</arg>
<doc>Create Session: create a HTTP session to a server</doc>
<status status="PASS" start="2025-08-17T17:48:18.364700" elapsed="0.000000"/>
</kw>
<kw name="POST On Session" owner="RequestsLibrary">
<msg time="2025-08-17T17:48:19.478827" level="INFO">POST Request : url=https://thinking-tester-contact-list.herokuapp.com/users 
 path_url=/users 
 headers={'User-Agent': 'python-requests/2.32.4', 'Accept-Encoding': 'gzip, deflate', 'Accept': '*/*', 'Connection': 'keep-alive', 'Content-Type': 'application/json', 'Content-Length': '109'} 
 body=b'{"firstName": "Linda", "lastName": "Shelton", "email": "t20250817174818@gmail.com", "password": "wY5JERp9LS"}' 
 </msg>
<msg time="2025-08-17T17:48:19.478827" level="INFO">POST Response : url=https://thinking-tester-contact-list.herokuapp.com/users 
 status=201, reason=Created 
 headers={'Server': 'Cowboy', 'Report-To': '{"group":"heroku-nel","max_age":3600,"endpoints":[{"url":"https://nel.heroku.com/reports?ts=1755427698&amp;sid=af571f24-03ee-46d1-9f90-ab9030c2c74c&amp;s=fay2%2BmSEXxAFMLTEqJo4QUAZu2TY5MA4Y%2FeVzSUSG60%3D"}]}', 'Reporting-Endpoints': 'heroku-nel=https://nel.heroku.com/reports?ts=1755427698&amp;sid=af571f24-03ee-46d1-9f90-ab9030c2c74c&amp;s=fay2%2BmSEXxAFMLTEqJo4QUAZu2TY5MA4Y%2FeVzSUSG60%3D', 'Nel': '{"report_to":"heroku-nel","max_age":3600,"success_fraction":0.005,"failure_fraction":0.05,"response_headers":["Via"]}', 'Connection': 'keep-alive', 'X-Powered-By': 'Express', 'Set-Cookie': 'token=eyJhbGciOiJIUzI1NiIsInR5cCI6IkpXVCJ9.eyJfaWQiOiI2OGExYjM3MjhhMGE0YjAwMTU5YTI3YTUiLCJpYXQiOjE3NTU0Mjc2OTh9.meHciZoK27fDo_WaLVPumL5dyEMqKMAfpRyV1n8EBvM; Max-Age=684; Path=/; Expires=Sun, 17 Aug 2025 10:59:42 GMT', 'Content-Type': 'application/json; charset=utf-8', 'Content-Length': '288', 'Etag': 'W/"120-QTpetvj42JFwcGYWQU4SXqF2zfY"', 'Date': 'Sun, 17 Aug 2025 10:48:18 GMT', 'Via': '1.1 vegur'} 
 body={"user":{"_id":"68a1b3728a0a4b00159a27a5","firstName":"Linda","lastName":"Shelton","email":"t20250817174818@gmail.com","__v":1},"token":"eyJhbGciOiJIUzI1NiIsInR5cCI6IkpXVCJ9.eyJfaWQiOiI2OGExYjM3MjhhMGE0YjAwMTU5YTI3YTUiLCJpYXQiOjE3NTU0Mjc2OTh9.meHciZoK27fDo_WaLVPumL5dyEMqKMAfpRyV1n8EBvM"} 
 </msg>
<msg time="2025-08-17T17:48:19.478827" level="INFO">${response} = &lt;Response [201]&gt;</msg>
<var>${response}</var>
<arg>alias=Register</arg>
<arg>url=${ADD_USER_URI}</arg>
<arg>headers=${headers}</arg>
<arg>json=${body}</arg>
<doc>Sends a POST request on a previously created HTTP Session.</doc>
<status status="PASS" start="2025-08-17T17:48:18.364700" elapsed="1.114127"/>
</kw>
<status status="PASS" start="2025-08-17T17:48:18.364700" elapsed="1.114127"/>
</group>
<group name="Response Validation">
<kw name="Should Be Equal" owner="BuiltIn">
<arg>${response.json()}[user][firstName]</arg>
<arg>${first_name}</arg>
<doc>Fails if the given objects are unequal.</doc>
<status status="PASS" start="2025-08-17T17:48:19.478827" elapsed="0.001019"/>
</kw>
<kw name="Should Be Equal" owner="BuiltIn">
<arg>${response.json()}[user][lastName]</arg>
<arg>${last_name}</arg>
<doc>Fails if the given objects are unequal.</doc>
<status status="PASS" start="2025-08-17T17:48:19.479846" elapsed="0.000000"/>
</kw>
<kw name="Should Be Equal" owner="BuiltIn">
<arg>${response.json()}[user][email]</arg>
<arg>${email}</arg>
<doc>Fails if the given objects are unequal.</doc>
<status status="PASS" start="2025-08-17T17:48:19.479846" elapsed="0.000000"/>
</kw>
<return>
<value>${response.json()}[token]</value>
<value>${first_name}</value>
<value>${last_name}</value>
<value>${email}</value>
<value>${password}</value>
<status status="PASS" start="2025-08-17T17:48:19.479846" elapsed="0.000000"/>
</return>
<status status="PASS" start="2025-08-17T17:48:19.478827" elapsed="0.002012"/>
</group>
<msg time="2025-08-17T17:48:19.480839" level="INFO">${registered_bearer_token} = eyJhbGciOiJIUzI1NiIsInR5cCI6IkpXVCJ9.eyJfaWQiOiI2OGExYjM3MjhhMGE0YjAwMTU5YTI3YTUiLCJpYXQiOjE3NTU0Mjc2OTh9.meHciZoK27fDo_WaLVPumL5dyEMqKMAfpRyV1n8EBvM</msg>
<msg time="2025-08-17T17:48:19.480839" level="INFO">${first_name} = Linda</msg>
<msg time="2025-08-17T17:48:19.480839" level="INFO">${last_name} = Shelton</msg>
<msg time="2025-08-17T17:48:19.480839" level="INFO">${email} = t20250817174818@gmail.com</msg>
<msg time="2025-08-17T17:48:19.480839" level="INFO">${password} = wY5JERp9LS</msg>
<var>${registered_bearer_token}</var>
<var>${first_name}</var>
<var>${last_name}</var>
<var>${email}</var>
<var>${password}</var>
<status status="PASS" start="2025-08-17T17:48:18.362167" elapsed="1.118672"/>
</kw>
<kw name="Create Dictionary" owner="BuiltIn">
<msg time="2025-08-17T17:48:19.480839" level="INFO">${body} = {'email': 't20250817174818@gmail.com', 'password': 'wY5JERp9LS'}</msg>
<var>${body}</var>
<arg>email=${email}</arg>
<arg>password=${password}</arg>
<doc>Creates and returns a dictionary based on the given ``items``.</doc>
<status status="PASS" start="2025-08-17T17:48:19.480839" elapsed="0.000000"/>
</kw>
<kw name="Create Dictionary" owner="BuiltIn">
<msg time="2025-08-17T17:48:19.480839" level="INFO">${headers} = {'Content-Type': 'application/json'}</msg>
<var>${headers}</var>
<arg>Content-Type=application/json</arg>
<doc>Creates and returns a dictionary based on the given ``items``.</doc>
<status status="PASS" start="2025-08-17T17:48:19.480839" elapsed="0.000000"/>
</kw>
<status status="PASS" start="2025-08-17T17:48:18.362167" elapsed="1.118672"/>
</group>
<group name="Call Login API">
<kw name="Create Session" owner="RequestsLibrary">
<msg time="2025-08-17T17:48:19.481838" level="INFO">Creating Session using : alias=Login, url=https://thinking-tester-contact-list.herokuapp.com, headers={},                     cookies={}, auth=None, timeout=None, proxies=None, verify=False,                     debug=0 </msg>
<arg>Login</arg>
<arg>${BASE_URL}</arg>
<doc>Create Session: create a HTTP session to a server</doc>
<status status="PASS" start="2025-08-17T17:48:19.481838" elapsed="0.000000"/>
</kw>
<kw name="POST On Session" owner="RequestsLibrary">
<msg time="2025-08-17T17:48:20.577911" level="INFO">POST Request : url=https://thinking-tester-contact-list.herokuapp.com/users/login 
 path_url=/users/login 
 headers={'User-Agent': 'python-requests/2.32.4', 'Accept-Encoding': 'gzip, deflate', 'Accept': '*/*', 'Connection': 'keep-alive', 'Content-Type': 'application/json', 'Content-Length': '64'} 
 body=b'{"email": "t20250817174818@gmail.com", "password": "wY5JERp9LS"}' 
 </msg>
<msg time="2025-08-17T17:48:20.577911" level="INFO">POST Response : url=https://thinking-tester-contact-list.herokuapp.com/users/login 
 status=200, reason=OK 
 headers={'Server': 'Cowboy', 'Report-To': '{"group":"heroku-nel","max_age":3600,"endpoints":[{"url":"https://nel.heroku.com/reports?ts=1755427699&amp;sid=af571f24-03ee-46d1-9f90-ab9030c2c74c&amp;s=aFf37C3IIYMPrDSYsBoU%2B9Ob3Aa6rQH7eit%2BTUUg9%2FE%3D"}]}', 'Reporting-Endpoints': 'heroku-nel=https://nel.heroku.com/reports?ts=1755427699&amp;sid=af571f24-03ee-46d1-9f90-ab9030c2c74c&amp;s=aFf37C3IIYMPrDSYsBoU%2B9Ob3Aa6rQH7eit%2BTUUg9%2FE%3D', 'Nel': '{"report_to":"heroku-nel","max_age":3600,"success_fraction":0.005,"failure_fraction":0.05,"response_headers":["Via"]}', 'Connection': 'keep-alive', 'X-Powered-By': 'Express', 'Set-Cookie': 'token=eyJhbGciOiJIUzI1NiIsInR5cCI6IkpXVCJ9.eyJfaWQiOiI2OGExYjM3MjhhMGE0YjAwMTU5YTI3YTUiLCJpYXQiOjE3NTU0Mjc2OTl9.Ebafql0T2vNSYTZlp7Keurs9kC1TtCP-mAyDqyLfIfM; Max-Age=36000; Path=/; Expires=Sun, 17 Aug 2025 20:48:19 GMT', 'Content-Type': 'application/json; charset=utf-8', 'Content-Length': '288', 'Etag': 'W/"120-NQZcN+CJibFKPSsU/rtVP7msi2U"', 'Date': 'Sun, 17 Aug 2025 10:48:19 GMT', 'Via': '1.1 vegur'} 
 body={"user":{"_id":"68a1b3728a0a4b00159a27a5","firstName":"Linda","lastName":"Shelton","email":"t20250817174818@gmail.com","__v":2},"token":"eyJhbGciOiJIUzI1NiIsInR5cCI6IkpXVCJ9.eyJfaWQiOiI2OGExYjM3MjhhMGE0YjAwMTU5YTI3YTUiLCJpYXQiOjE3NTU0Mjc2OTl9.Ebafql0T2vNSYTZlp7Keurs9kC1TtCP-mAyDqyLfIfM"} 
 </msg>
<msg time="2025-08-17T17:48:20.577911" level="INFO">${response} = &lt;Response [200]&gt;</msg>
<var>${response}</var>
<arg>alias=Login</arg>
<arg>url=${LOGIN_URI}</arg>
<arg>headers=${headers}</arg>
<arg>json=${body}</arg>
<doc>Sends a POST request on a previously created HTTP Session.</doc>
<status status="PASS" start="2025-08-17T17:48:19.482831" elapsed="1.095080"/>
</kw>
<kw name="Log To Console" owner="BuiltIn">
<arg>Logged in with\nemail: ${email}\npassword: ${password}</arg>
<doc>Logs the given message to the console.</doc>
<status status="PASS" start="2025-08-17T17:48:20.579093" elapsed="0.000000"/>
</kw>
<status status="PASS" start="2025-08-17T17:48:19.481838" elapsed="1.097255"/>
</group>
<group name="Response Validation">
<kw name="Should Be Equal" owner="BuiltIn">
<arg>${response.json()}[user][firstName]</arg>
<arg>${first_name}</arg>
<doc>Fails if the given objects are unequal.</doc>
<status status="PASS" start="2025-08-17T17:48:20.579093" elapsed="0.000000"/>
</kw>
<kw name="Should Be Equal" owner="BuiltIn">
<arg>${response.json()}[user][lastName]</arg>
<arg>${last_name}</arg>
<doc>Fails if the given objects are unequal.</doc>
<status status="PASS" start="2025-08-17T17:48:20.579093" elapsed="0.001009"/>
</kw>
<kw name="Should Be Equal" owner="BuiltIn">
<arg>${response.json()}[user][email]</arg>
<arg>${email}</arg>
<doc>Fails if the given objects are unequal.</doc>
<status status="PASS" start="2025-08-17T17:48:20.580102" elapsed="0.000000"/>
</kw>
<return>
<value>${response.json()}[token]</value>
<status status="PASS" start="2025-08-17T17:48:20.580102" elapsed="0.000000"/>
</return>
<status status="PASS" start="2025-08-17T17:48:20.579093" elapsed="0.001009"/>
</group>
<msg time="2025-08-17T17:48:20.580102" level="INFO">${bearer_token} = eyJhbGciOiJIUzI1NiIsInR5cCI6IkpXVCJ9.eyJfaWQiOiI2OGExYjM3MjhhMGE0YjAwMTU5YTI3YTUiLCJpYXQiOjE3NTU0Mjc2OTl9.Ebafql0T2vNSYTZlp7Keurs9kC1TtCP-mAyDqyLfIfM</msg>
<var>${bearer_token}</var>
<status status="PASS" start="2025-08-17T17:48:18.362167" elapsed="2.217935"/>
</kw>
<kw name="Add contacts" owner="function_keywords">
<for flavor="IN RANGE">
<iter>
<group name="Prepare Add Contacts Body And Headers">
<kw name="First Name" owner="faker">
<msg time="2025-08-17T17:48:20.581090" level="INFO">${first_name} = Stephanie</msg>
<var>${first_name}</var>
<status status="PASS" start="2025-08-17T17:48:20.581090" elapsed="0.000000"/>
</kw>
<kw name="Last Name" owner="faker">
<msg time="2025-08-17T17:48:20.582090" level="INFO">${last_name} = Garner</msg>
<var>${last_name}</var>
<status status="PASS" start="2025-08-17T17:48:20.581090" elapsed="0.001000"/>
</kw>
<kw name="Date Of Birth" owner="faker">
<msg time="2025-08-17T17:48:20.582090" level="INFO">${birthdate} = 1920-08-24</msg>
<var>${birthdate}</var>
<doc>Generate a random date of birth represented as a Date object,
constrained by optional miminimum_age and maximum_age
parameters.</doc>
<status status="PASS" start="2025-08-17T17:48:20.582090" elapsed="0.000000"/>
</kw>
<kw name="Convert To String" owner="BuiltIn">
<msg time="2025-08-17T17:48:20.582090" level="INFO">${birthdate} = 1920-08-24</msg>
<var>${birthdate}</var>
<arg>${birthdate}</arg>
<doc>Converts the given item to a Unicode string.</doc>
<status status="PASS" start="2025-08-17T17:48:20.582090" elapsed="0.000000"/>
</kw>
<kw name="Email" owner="faker">
<msg time="2025-08-17T17:48:20.582090" level="INFO">${email} = kathrynfox@gmail.com</msg>
<var>${email}</var>
<arg>domain=gmail.com</arg>
<status status="PASS" start="2025-08-17T17:48:20.582090" elapsed="0.000000"/>
</kw>
<kw name="Generate Random String" owner="String">
<msg time="2025-08-17T17:48:20.583091" level="INFO">${phone_last_8_digits} = 26369232</msg>
<var>${phone_last_8_digits}</var>
<arg>length=8</arg>
<arg>chars=[NUMBERS]</arg>
<doc>Generates a string with a desired ``length`` from the given ``chars``.</doc>
<status status="PASS" start="2025-08-17T17:48:20.582090" elapsed="0.001001"/>
</kw>
<kw name="Set Variable" owner="BuiltIn">
<msg time="2025-08-17T17:48:20.583091" level="INFO">${phone} = 0926369232</msg>
<var>${phone}</var>
<arg>09${phone_last_8_digits}</arg>
<doc>Returns the given values which can then be assigned to a variables.</doc>
<status status="PASS" start="2025-08-17T17:48:20.583091" elapsed="0.000000"/>
</kw>
<kw name="Street Address" owner="faker">
<msg time="2025-08-17T17:48:20.583091" level="INFO">${street1} = 150 David Inlet Suite 857</msg>
<var>${street1}</var>
<doc>:example: '791 Crist Parks'</doc>
<status status="PASS" start="2025-08-17T17:48:20.583091" elapsed="0.000000"/>
</kw>
<kw name="Street Address" owner="faker">
<msg time="2025-08-17T17:48:20.583091" level="INFO">${street2} = 7460 Julie Overpass</msg>
<var>${street2}</var>
<doc>:example: '791 Crist Parks'</doc>
<status status="PASS" start="2025-08-17T17:48:20.583091" elapsed="0.000000"/>
</kw>
<kw name="City" owner="faker">
<msg time="2025-08-17T17:48:20.584091" level="INFO">${city} = Stephentown</msg>
<var>${city}</var>
<doc>:example: 'Sashabury'</doc>
<status status="PASS" start="2025-08-17T17:48:20.583091" elapsed="0.001000"/>
</kw>
<kw name="State" owner="faker">
<msg time="2025-08-17T17:48:20.584091" level="INFO">${state_province} = Kansas</msg>
<var>${state_province}</var>
<status status="PASS" start="2025-08-17T17:48:20.584091" elapsed="0.000000"/>
</kw>
<kw name="Postalcode" owner="faker">
<msg time="2025-08-17T17:48:20.584091" level="INFO">${postal_code} = 93202</msg>
<var>${postal_code}</var>
<status status="PASS" start="2025-08-17T17:48:20.584091" elapsed="0.000000"/>
</kw>
<kw name="Current Country" owner="faker">
<msg time="2025-08-17T17:48:20.584091" level="INFO">${country} = United States</msg>
<var>${country}</var>
<doc>:sample:</doc>
<status status="PASS" start="2025-08-17T17:48:20.584091" elapsed="0.000000"/>
</kw>
<kw name="Create Dictionary" owner="BuiltIn">
<msg time="2025-08-17T17:48:20.584091" level="INFO">${body} = {'firstName': 'Stephanie', 'lastName': 'Garner', 'birthdate': '1920-08-24', 'email': 'kathrynfox@gmail.com', 'phone': '0926369232', 'city': 'Stephentown', 'street1': '150 David Inlet Suite 857', 'stre...</msg>
<var>${body}</var>
<arg>firstName=${first_name}</arg>
<arg>lastName=${last_name}</arg>
<arg>birthdate=${birthdate}</arg>
<arg>email=${email}</arg>
<arg>phone=${phone}</arg>
<arg>city=${city}</arg>
<arg>street1=${street1}</arg>
<arg>street2=${street2}</arg>
<arg>stateProvince=${state_province}</arg>
<arg>postalCode=${postal_code}</arg>
<arg>country=${country}</arg>
<doc>Creates and returns a dictionary based on the given ``items``.</doc>
<status status="PASS" start="2025-08-17T17:48:20.584091" elapsed="0.000000"/>
</kw>
<kw name="Create Dictionary" owner="BuiltIn">
<msg time="2025-08-17T17:48:20.585091" level="INFO">${headers} = {'Content-Type': 'application/json', 'Authorization': 'Bearer eyJhbGciOiJIUzI1NiIsInR5cCI6IkpXVCJ9.eyJfaWQiOiI2OGExYjM3MjhhMGE0YjAwMTU5YTI3YTUiLCJpYXQiOjE3NTU0Mjc2OTl9.Ebafql0T2vNSYTZlp7Keurs9kC1TtCP-...</msg>
<var>${headers}</var>
<arg>Content-Type=application/json</arg>
<arg>Authorization=Bearer ${bearer_token}</arg>
<doc>Creates and returns a dictionary based on the given ``items``.</doc>
<status status="PASS" start="2025-08-17T17:48:20.584091" elapsed="0.001000"/>
</kw>
<status status="PASS" start="2025-08-17T17:48:20.581090" elapsed="0.004001"/>
</group>
<group name="Call Add Contact API">
<kw name="Create Session" owner="RequestsLibrary">
<msg time="2025-08-17T17:48:20.585091" level="INFO">Creating Session using : alias=Add Contact, url=https://thinking-tester-contact-list.herokuapp.com, headers={},                     cookies={}, auth=None, timeout=None, proxies=None, verify=False,                     debug=0 </msg>
<arg>Add Contact</arg>
<arg>${BASE_URL}</arg>
<doc>Create Session: create a HTTP session to a server</doc>
<status status="PASS" start="2025-08-17T17:48:20.585091" elapsed="0.000000"/>
</kw>
<kw name="POST On Session" owner="RequestsLibrary">
<msg time="2025-08-17T17:48:21.635599" level="INFO">POST Request : url=https://thinking-tester-contact-list.herokuapp.com/contacts 
 path_url=/contacts 
 headers={'User-Agent': 'python-requests/2.32.4', 'Accept-Encoding': 'gzip, deflate', 'Accept': '*/*', 'Connection': 'keep-alive', 'Content-Type': 'application/json', 'Authorization': 'Bearer eyJhbGciOiJIUzI1NiIsInR5cCI6IkpXVCJ9.eyJfaWQiOiI2OGExYjM3MjhhMGE0YjAwMTU5YTI3YTUiLCJpYXQiOjE3NTU0Mjc2OTl9.Ebafql0T2vNSYTZlp7Keurs9kC1TtCP-mAyDqyLfIfM', 'Content-Length': '306'} 
 body=b'{"firstName": "Stephanie", "lastName": "Garner", "birthdate": "1920-08-24", "email": "kathrynfox@gmail.com", "phone": "0926369232", "city": "Stephentown", "street1": "150 David Inlet Suite 857", "street2": "7460 Julie Overpass", "stateProvince": "Kansas", "postalCode": "93202", "country": "United States"}' 
 </msg>
<msg time="2025-08-17T17:48:21.635599" level="INFO">POST Response : url=https://thinking-tester-contact-list.herokuapp.com/contacts 
 status=201, reason=Created 
 headers={'Server': 'Cowboy', 'Report-To': '{"group":"heroku-nel","max_age":3600,"endpoints":[{"url":"https://nel.heroku.com/reports?ts=1755427700&amp;sid=af571f24-03ee-46d1-9f90-ab9030c2c74c&amp;s=QI7jmsjm%2F6hHuepBURLla4zVG0zrZ7s0DS3GbhY2bIA%3D"}]}', 'Reporting-Endpoints': 'heroku-nel=https://nel.heroku.com/reports?ts=1755427700&amp;sid=af571f24-03ee-46d1-9f90-ab9030c2c74c&amp;s=QI7jmsjm%2F6hHuepBURLla4zVG0zrZ7s0DS3GbhY2bIA%3D', 'Nel': '{"report_to":"heroku-nel","max_age":3600,"success_fraction":0.005,"failure_fraction":0.05,"response_headers":["Via"]}', 'Connection': 'keep-alive', 'X-Powered-By': 'Express', 'Content-Type': 'application/json; charset=utf-8', 'Content-Length': '361', 'Etag': 'W/"169-xaKHD5UjYgUQX6GzSOgePlV8qMA"', 'Date': 'Sun, 17 Aug 2025 10:48:20 GMT', 'Via': '1.1 vegur'} 
 body={"_id":"68a1b3748a0a4b00159a27a8","firstName":"Stephanie","lastName":"Garner","birthdate":"1920-08-24","email":"kathrynfox@gmail.com","phone":"0926369232","city":"Stephentown","street1":"150 David Inlet Suite 857","street2":"7460 Julie Overpass","stateProvince":"Kansas","postalCode":"93202","country":"United States","owner":"68a1b3728a0a4b00159a27a5","__v":0} 
 </msg>
<msg time="2025-08-17T17:48:21.635599" level="INFO">${response} = &lt;Response [201]&gt;</msg>
<var>${response}</var>
<arg>alias=Add Contact</arg>
<arg>url=${ADD_CONTACT}</arg>
<arg>headers=${headers}</arg>
<arg>json=${body}</arg>
<doc>Sends a POST request on a previously created HTTP Session.</doc>
<status status="PASS" start="2025-08-17T17:48:20.585091" elapsed="1.050508"/>
</kw>
<kw name="Evaluate" owner="BuiltIn">
<msg time="2025-08-17T17:48:21.636676" level="INFO">${response_json} = {
    "_id": "68a1b3748a0a4b00159a27a8",
    "firstName": "Stephanie",
    "lastName": "Garner",
    "birthdate": "1920-08-24",
    "email": "kathrynfox@gmail.com",
    "phone": "0926369232",
    "cit...</msg>
<var>${response_json}</var>
<arg>json.dumps(${response.json()}, indent=4)</arg>
<arg>json</arg>
<doc>Evaluates the given expression in Python and returns the result.</doc>
<status status="PASS" start="2025-08-17T17:48:21.635599" elapsed="0.001077"/>
</kw>
<kw name="Evaluate" owner="BuiltIn">
<msg time="2025-08-17T17:48:21.637678" level="INFO">${body} = {
    "firstName": "Stephanie",
    "lastName": "Garner",
    "birthdate": "1920-08-24",
    "email": "kathrynfox@gmail.com",
    "phone": "0926369232",
    "city": "Stephentown",
    "street1": "150 ...</msg>
<var>${body}</var>
<arg>json.dumps(${body}, indent=4)</arg>
<arg>json</arg>
<doc>Evaluates the given expression in Python and returns the result.</doc>
<status status="PASS" start="2025-08-17T17:48:21.636676" elapsed="0.001002"/>
</kw>
<kw name="Log" owner="BuiltIn">
<msg time="2025-08-17T17:48:21.637678" level="INFO">{
    "_id": "68a1b3748a0a4b00159a27a8",
    "firstName": "Stephanie",
    "lastName": "Garner",
    "birthdate": "1920-08-24",
    "email": "kathrynfox@gmail.com",
    "phone": "0926369232",
    "city": "Stephentown",
    "street1": "150 David Inlet Suite 857",
    "street2": "7460 Julie Overpass",
    "stateProvince": "Kansas",
    "postalCode": "93202",
    "country": "United States",
    "owner": "68a1b3728a0a4b00159a27a5",
    "__v": 0
}</msg>
<arg>${response_json}</arg>
<doc>Logs the given message with the given level.</doc>
<status status="PASS" start="2025-08-17T17:48:21.637678" elapsed="0.000000"/>
</kw>
<kw name="Log" owner="BuiltIn">
<msg time="2025-08-17T17:48:21.638197" level="INFO">{
    "firstName": "Stephanie",
    "lastName": "Garner",
    "birthdate": "1920-08-24",
    "email": "kathrynfox@gmail.com",
    "phone": "0926369232",
    "city": "Stephentown",
    "street1": "150 David Inlet Suite 857",
    "street2": "7460 Julie Overpass",
    "stateProvince": "Kansas",
    "postalCode": "93202",
    "country": "United States"
}</msg>
<arg>${body}</arg>
<doc>Logs the given message with the given level.</doc>
<status status="PASS" start="2025-08-17T17:48:21.637678" elapsed="0.000519"/>
</kw>
<kw name="Evaluate" owner="BuiltIn">
<msg time="2025-08-17T17:48:21.638197" level="INFO">${i} = 1</msg>
<var>${i}</var>
<arg>${i} + 1</arg>
<doc>Evaluates the given expression in Python and returns the result.</doc>
<status status="PASS" start="2025-08-17T17:48:21.638197" elapsed="0.000000"/>
</kw>
<kw name="Log To Console" owner="BuiltIn">
<arg>${i}.${email} has been added.</arg>
<doc>Logs the given message to the console.</doc>
<status status="PASS" start="2025-08-17T17:48:21.638197" elapsed="0.000000"/>
</kw>
<status status="PASS" start="2025-08-17T17:48:20.585091" elapsed="1.053106"/>
</group>
<group name="Response Validation">
<kw name="Should Be Equal" owner="BuiltIn">
<arg>${response.json()}[firstName]</arg>
<arg>${first_name}</arg>
<doc>Fails if the given objects are unequal.</doc>
<status status="PASS" start="2025-08-17T17:48:21.638197" elapsed="0.000998"/>
</kw>
<kw name="Should Be Equal" owner="BuiltIn">
<arg>${response.json()}[lastName]</arg>
<arg>${last_name}</arg>
<doc>Fails if the given objects are unequal.</doc>
<status status="PASS" start="2025-08-17T17:48:21.639195" elapsed="0.000000"/>
</kw>
<kw name="Should Be Equal" owner="BuiltIn">
<arg>${response.json()}[birthdate]</arg>
<arg>${birthdate}</arg>
<doc>Fails if the given objects are unequal.</doc>
<status status="PASS" start="2025-08-17T17:48:21.639195" elapsed="0.000000"/>
</kw>
<kw name="Should Be Equal" owner="BuiltIn">
<arg>${response.json()}[email]</arg>
<arg>${email}</arg>
<doc>Fails if the given objects are unequal.</doc>
<status status="PASS" start="2025-08-17T17:48:21.639195" elapsed="0.001007"/>
</kw>
<kw name="Should Be Equal" owner="BuiltIn">
<arg>${response.json()}[phone]</arg>
<arg>${phone}</arg>
<doc>Fails if the given objects are unequal.</doc>
<status status="PASS" start="2025-08-17T17:48:21.640202" elapsed="0.000000"/>
</kw>
<kw name="Should Be Equal" owner="BuiltIn">
<arg>${response.json()}[street1]</arg>
<arg>${street1}</arg>
<doc>Fails if the given objects are unequal.</doc>
<status status="PASS" start="2025-08-17T17:48:21.640202" elapsed="0.000994"/>
</kw>
<kw name="Should Be Equal" owner="BuiltIn">
<arg>${response.json()}[street2]</arg>
<arg>${street2}</arg>
<doc>Fails if the given objects are unequal.</doc>
<status status="PASS" start="2025-08-17T17:48:21.641196" elapsed="0.000000"/>
</kw>
<kw name="Should Be Equal" owner="BuiltIn">
<arg>${response.json()}[city]</arg>
<arg>${city}</arg>
<doc>Fails if the given objects are unequal.</doc>
<status status="PASS" start="2025-08-17T17:48:21.641196" elapsed="0.001001"/>
</kw>
<kw name="Should Be Equal" owner="BuiltIn">
<arg>${response.json()}[stateProvince]</arg>
<arg>${stateProvince}</arg>
<doc>Fails if the given objects are unequal.</doc>
<status status="PASS" start="2025-08-17T17:48:21.642197" elapsed="0.000000"/>
</kw>
<kw name="Should Be Equal" owner="BuiltIn">
<arg>${response.json()}[postalCode]</arg>
<arg>${postalCode}</arg>
<doc>Fails if the given objects are unequal.</doc>
<status status="PASS" start="2025-08-17T17:48:21.642197" elapsed="0.000000"/>
</kw>
<kw name="Should Be Equal" owner="BuiltIn">
<arg>${response.json()}[country]</arg>
<arg>${country}</arg>
<doc>Fails if the given objects are unequal.</doc>
<status status="PASS" start="2025-08-17T17:48:21.642197" elapsed="0.001000"/>
</kw>
<status status="PASS" start="2025-08-17T17:48:21.638197" elapsed="0.005000"/>
</group>
<var name="${i}">0</var>
<status status="PASS" start="2025-08-17T17:48:20.581090" elapsed="1.062107"/>
</iter>
<var>${i}</var>
<value>${contact_number}</value>
<status status="PASS" start="2025-08-17T17:48:20.581090" elapsed="1.062107"/>
</for>
<arg>bearer_token=${bearer_token}</arg>
<arg>contact_number=1</arg>
<status status="PASS" start="2025-08-17T17:48:20.581090" elapsed="1.062107"/>
</kw>
<kw name="Export contacts as JSON" owner="function_keywords">
<group name="Prepare Get Contacts Body And Headers">
<kw name="Create Dictionary" owner="BuiltIn">
<msg time="2025-08-17T17:48:21.643197" level="INFO">${headers} = {'Content-Type': 'application/json', 'Authorization': 'Bearer eyJhbGciOiJIUzI1NiIsInR5cCI6IkpXVCJ9.eyJfaWQiOiI2OGExYjM3MjhhMGE0YjAwMTU5YTI3YTUiLCJpYXQiOjE3NTU0Mjc2OTl9.Ebafql0T2vNSYTZlp7Keurs9kC1TtCP-...</msg>
<var>${headers}</var>
<arg>Content-Type=application/json</arg>
<arg>Authorization=Bearer ${bearer_token}</arg>
<doc>Creates and returns a dictionary based on the given ``items``.</doc>
<status status="PASS" start="2025-08-17T17:48:21.643197" elapsed="0.000000"/>
</kw>
<status status="PASS" start="2025-08-17T17:48:21.643197" elapsed="0.000000"/>
</group>
<group name="Call Get Contacts API">
<kw name="Create Session" owner="RequestsLibrary">
<msg time="2025-08-17T17:48:21.644195" level="INFO">Creating Session using : alias=Get Contacts, url=https://thinking-tester-contact-list.herokuapp.com, headers={},                     cookies={}, auth=None, timeout=None, proxies=None, verify=False,                     debug=0 </msg>
<arg>Get Contacts</arg>
<arg>${BASE_URL}</arg>
<doc>Create Session: create a HTTP session to a server</doc>
<status status="PASS" start="2025-08-17T17:48:21.644195" elapsed="0.000000"/>
</kw>
<kw name="GET On Session" owner="RequestsLibrary">
<msg time="2025-08-17T17:48:22.719924" level="INFO">GET Request : url=https://thinking-tester-contact-list.herokuapp.com/contacts 
 path_url=/contacts 
 headers={'User-Agent': 'python-requests/2.32.4', 'Accept-Encoding': 'gzip, deflate', 'Accept': '*/*', 'Connection': 'keep-alive', 'Content-Type': 'application/json', 'Authorization': 'Bearer eyJhbGciOiJIUzI1NiIsInR5cCI6IkpXVCJ9.eyJfaWQiOiI2OGExYjM3MjhhMGE0YjAwMTU5YTI3YTUiLCJpYXQiOjE3NTU0Mjc2OTl9.Ebafql0T2vNSYTZlp7Keurs9kC1TtCP-mAyDqyLfIfM'} 
 body=None 
 </msg>
<msg time="2025-08-17T17:48:22.719924" level="INFO">GET Response : url=https://thinking-tester-contact-list.herokuapp.com/contacts 
 status=200, reason=OK 
 headers={'Server': 'Cowboy', 'Report-To': '{"group":"heroku-nel","max_age":3600,"endpoints":[{"url":"https://nel.heroku.com/reports?ts=1755427701&amp;sid=af571f24-03ee-46d1-9f90-ab9030c2c74c&amp;s=kRUoCWoAvMVRmy2NYad1WDUSTEgGL5%2FKYXbkPfJQj0Q%3D"}]}', 'Reporting-Endpoints': 'heroku-nel=https://nel.heroku.com/reports?ts=1755427701&amp;sid=af571f24-03ee-46d1-9f90-ab9030c2c74c&amp;s=kRUoCWoAvMVRmy2NYad1WDUSTEgGL5%2FKYXbkPfJQj0Q%3D', 'Nel': '{"report_to":"heroku-nel","max_age":3600,"success_fraction":0.005,"failure_fraction":0.05,"response_headers":["Via"]}', 'Connection': 'keep-alive', 'X-Powered-By': 'Express', 'Content-Type': 'application/json; charset=utf-8', 'Content-Length': '363', 'Etag': 'W/"16b-/CyApXt/SEpkQGV/zXVdmABq+7s"', 'Date': 'Sun, 17 Aug 2025 10:48:21 GMT', 'Via': '1.1 vegur'} 
 body=[{"_id":"68a1b3748a0a4b00159a27a8","firstName":"Stephanie","lastName":"Garner","birthdate":"1920-08-24","email":"kathrynfox@gmail.com","phone":"0926369232","city":"Stephentown","street1":"150 David Inlet Suite 857","street2":"7460 Julie Overpass","stateProvince":"Kansas","postalCode":"93202","country":"United States","owner":"68a1b3728a0a4b00159a27a5","__v":0}] 
 </msg>
<msg time="2025-08-17T17:48:22.720925" level="INFO">${response} = &lt;Response [200]&gt;</msg>
<var>${response}</var>
<arg>alias=Get Contacts</arg>
<arg>url=${GET_CONTACTS}</arg>
<arg>headers=${headers}</arg>
<doc>Sends a GET request on a previously created HTTP Session.</doc>
<status status="PASS" start="2025-08-17T17:48:21.644195" elapsed="1.076730"/>
</kw>
<kw name="Evaluate" owner="BuiltIn">
<msg time="2025-08-17T17:48:22.720925" level="INFO">${response_json} = [
    {
        "_id": "68a1b3748a0a4b00159a27a8",
        "firstName": "Stephanie",
        "lastName": "Garner",
        "birthdate": "1920-08-24",
        "email": "kathrynfox@gmail.com",
        "...</msg>
<var>${response_json}</var>
<arg>json.dumps(${response.json()}, indent=4)</arg>
<arg>json</arg>
<doc>Evaluates the given expression in Python and returns the result.</doc>
<status status="PASS" start="2025-08-17T17:48:22.720925" elapsed="0.000000"/>
</kw>
<kw name="Log" owner="BuiltIn">
<msg time="2025-08-17T17:48:22.721926" level="INFO">[
    {
        "_id": "68a1b3748a0a4b00159a27a8",
        "firstName": "Stephanie",
        "lastName": "Garner",
        "birthdate": "1920-08-24",
        "email": "kathrynfox@gmail.com",
        "phone": "0926369232",
        "city": "Stephentown",
        "street1": "150 David Inlet Suite 857",
        "street2": "7460 Julie Overpass",
        "stateProvince": "Kansas",
        "postalCode": "93202",
        "country": "United States",
        "owner": "68a1b3728a0a4b00159a27a5",
        "__v": 0
    }
]</msg>
<arg>${response_json}</arg>
<doc>Logs the given message with the given level.</doc>
<status status="PASS" start="2025-08-17T17:48:22.721926" elapsed="0.000000"/>
</kw>
<status status="PASS" start="2025-08-17T17:48:21.643197" elapsed="1.078729"/>
</group>
<group name="Create List Of Contacts And Create JSON File">
<kw name="Set Variable" owner="BuiltIn">
<msg time="2025-08-17T17:48:22.721926" level="INFO">${index} = 0</msg>
<var>${index}</var>
<arg>${0}</arg>
<doc>Returns the given values which can then be assigned to a variables.</doc>
<status status="PASS" start="2025-08-17T17:48:22.721926" elapsed="0.000000"/>
</kw>
<kw name="Create List" owner="BuiltIn">
<msg time="2025-08-17T17:48:22.721926" level="INFO">${contact_list} = []</msg>
<var>${contact_list}</var>
<doc>Returns a list containing given items.</doc>
<status status="PASS" start="2025-08-17T17:48:22.721926" elapsed="0.000000"/>
</kw>
<for flavor="IN">
<iter>
<kw name="Evaluate" owner="BuiltIn">
<msg time="2025-08-17T17:48:22.722924" level="INFO">${index} = 1</msg>
<var>${index}</var>
<arg>${index}+1</arg>
<doc>Evaluates the given expression in Python and returns the result.</doc>
<status status="PASS" start="2025-08-17T17:48:22.722924" elapsed="0.000000"/>
</kw>
<kw name="Create Dictionary" owner="BuiltIn">
<msg time="2025-08-17T17:48:22.722924" level="INFO">${data_dict} = {'name': 'Stephanie Garner', 'birthdate': '1920-08-24', 'email': 'kathrynfox@gmail.com', 'phoneNumber': '0926369232', 'address': '150 David Inlet Suite 857, 7460 Julie Overpass, Stephentown, Kansas', ...</msg>
<var>${data_dict}</var>
<arg>name=${contact}[firstName] ${contact}[lastName]</arg>
<arg>birthdate=${contact}[birthdate]</arg>
<arg>email=${contact}[email]</arg>
<arg>phoneNumber=${contact}[phone]</arg>
<arg>address=${contact}[street1], ${contact}[street2], ${contact}[city], ${contact}[stateProvince]</arg>
<arg>cityStatePostalCode=${contact}[postalCode]</arg>
<arg>country=${contact}[country]</arg>
<doc>Creates and returns a dictionary based on the given ``items``.</doc>
<status status="PASS" start="2025-08-17T17:48:22.722924" elapsed="0.000000"/>
</kw>
<kw name="Create Dictionary" owner="BuiltIn">
<msg time="2025-08-17T17:48:22.722924" level="INFO">${contact_json} = {'contact1': {'name': 'Stephanie Garner', 'birthdate': '1920-08-24', 'email': 'kathrynfox@gmail.com', 'phoneNumber': '0926369232', 'address': '150 David Inlet Suite 857, 7460 Julie Overpass, Stephento...</msg>
<var>${contact_json}</var>
<arg>contact${index}=${data_dict}</arg>
<doc>Creates and returns a dictionary based on the given ``items``.</doc>
<status status="PASS" start="2025-08-17T17:48:22.722924" elapsed="0.000000"/>
</kw>
<kw name="Append To List" owner="Collections">
<arg>${contact_list}</arg>
<arg>${contact_json}</arg>
<doc>Adds ``values`` to the end of ``list``.</doc>
<status status="PASS" start="2025-08-17T17:48:22.723943" elapsed="0.000000"/>
</kw>
<var name="${contact}">{'_id': '68a1b3748a0a4b00159a27a8', 'firstName': 'Stephanie', 'lastName': 'Garner', 'birthdate': '1920-08-24', 'email': 'kathrynfox@gmail.com', 'phone': '0926369232', 'city': 'Stephentown', 'street1':...</var>
<status status="PASS" start="2025-08-17T17:48:22.722924" elapsed="0.001019"/>
</iter>
<var>${contact}</var>
<value>@{response.json()}</value>
<status status="PASS" start="2025-08-17T17:48:22.721926" elapsed="0.002017"/>
</for>
<kw name="Log" owner="BuiltIn">
<msg time="2025-08-17T17:48:22.723943" level="INFO">[{'contact1': {'name': 'Stephanie Garner', 'birthdate': '1920-08-24', 'email': 'kathrynfox@gmail.com', 'phoneNumber': '0926369232', 'address': '150 David Inlet Suite 857, 7460 Julie Overpass, Stephentown, Kansas', 'cityStatePostalCode': '93202', 'country': 'United States'}}]</msg>
<arg>${contact_list}</arg>
<doc>Logs the given message with the given level.</doc>
<status status="PASS" start="2025-08-17T17:48:22.723943" elapsed="0.000000"/>
</kw>
<kw name="Evaluate" owner="BuiltIn">
<msg time="2025-08-17T17:48:22.723943" level="INFO">${dump_json} = [
    {
        "contact1": {
            "name": "Stephanie Garner",
            "birthdate": "1920-08-24",
            "email": "kathrynfox@gmail.com",
            "phoneNumber": "0926369232",
     ...</msg>
<var>${dump_json}</var>
<arg>json.dumps(${contact_list}, indent=4, ensure_ascii=False)</arg>
<arg>json</arg>
<doc>Evaluates the given expression in Python and returns the result.</doc>
<status status="PASS" start="2025-08-17T17:48:22.723943" elapsed="0.000000"/>
</kw>
<kw name="Create File" owner="OperatingSystem">
<msg time="2025-08-17T17:48:22.724925" level="INFO" html="true">Created file '&lt;a href="file://C:\Users\Crwar\Desktop\Portfolio\robot-framework\robot-framework-api\Result\contacts.json"&gt;C:\Users\Crwar\Desktop\Portfolio\robot-framework\robot-framework-api\Result\contacts.json&lt;/a&gt;'.</msg>
<arg>robot-framework-api/Result/contacts.json</arg>
<arg>${dump_json}</arg>
<doc>Creates a file with the given content and encoding.</doc>
<status status="PASS" start="2025-08-17T17:48:22.723943" elapsed="0.000982"/>
</kw>
<status status="PASS" start="2025-08-17T17:48:22.721926" elapsed="0.002999"/>
</group>
<arg>bearer_token=${bearer_token}</arg>
<status status="PASS" start="2025-08-17T17:48:21.643197" elapsed="1.081728"/>
</kw>
<kw name="Log out" owner="function_keywords">
<group name="Prepare Logout Headers">
<kw name="Create Dictionary" owner="BuiltIn">
<msg time="2025-08-17T17:48:22.725925" level="INFO">${headers} = {'Content-Type': 'application/json', 'Authorization': 'Bearer eyJhbGciOiJIUzI1NiIsInR5cCI6IkpXVCJ9.eyJfaWQiOiI2OGExYjM3MjhhMGE0YjAwMTU5YTI3YTUiLCJpYXQiOjE3NTU0Mjc2OTl9.Ebafql0T2vNSYTZlp7Keurs9kC1TtCP-...</msg>
<var>${headers}</var>
<arg>Content-Type=application/json</arg>
<arg>Authorization=Bearer ${bearer_token}</arg>
<doc>Creates and returns a dictionary based on the given ``items``.</doc>
<status status="PASS" start="2025-08-17T17:48:22.724925" elapsed="0.001000"/>
</kw>
<status status="PASS" start="2025-08-17T17:48:22.724925" elapsed="0.001000"/>
</group>
<group name="Call Logout API">
<kw name="Create Session" owner="RequestsLibrary">
<msg time="2025-08-17T17:48:22.725925" level="INFO">Creating Session using : alias=Logout, url=https://thinking-tester-contact-list.herokuapp.com, headers={},                     cookies={}, auth=None, timeout=None, proxies=None, verify=False,                     debug=0 </msg>
<arg>Logout</arg>
<arg>${BASE_URL}</arg>
<doc>Create Session: create a HTTP session to a server</doc>
<status status="PASS" start="2025-08-17T17:48:22.725925" elapsed="0.000000"/>
</kw>
<kw name="POST On Session" owner="RequestsLibrary">
<msg time="2025-08-17T17:48:23.828695" level="INFO">POST Request : url=https://thinking-tester-contact-list.herokuapp.com/users/logout 
 path_url=/users/logout 
 headers={'User-Agent': 'python-requests/2.32.4', 'Accept-Encoding': 'gzip, deflate', 'Accept': '*/*', 'Connection': 'keep-alive', 'Content-Type': 'application/json', 'Authorization': 'Bearer eyJhbGciOiJIUzI1NiIsInR5cCI6IkpXVCJ9.eyJfaWQiOiI2OGExYjM3MjhhMGE0YjAwMTU5YTI3YTUiLCJpYXQiOjE3NTU0Mjc2OTl9.Ebafql0T2vNSYTZlp7Keurs9kC1TtCP-mAyDqyLfIfM', 'Content-Length': '0'} 
 body=None 
 </msg>
<msg time="2025-08-17T17:48:23.828695" level="INFO">POST Response : url=https://thinking-tester-contact-list.herokuapp.com/users/logout 
 status=200, reason=OK 
 headers={'Server': 'Cowboy', 'Report-To': '{"group":"heroku-nel","max_age":3600,"endpoints":[{"url":"https://nel.heroku.com/reports?ts=1755427702&amp;sid=af571f24-03ee-46d1-9f90-ab9030c2c74c&amp;s=hl9yUjXsv5KANDn%2FuPpRrBH2zEbAPJ%2BPMvxi2ToByB8%3D"}]}', 'Reporting-Endpoints': 'heroku-nel=https://nel.heroku.com/reports?ts=1755427702&amp;sid=af571f24-03ee-46d1-9f90-ab9030c2c74c&amp;s=hl9yUjXsv5KANDn%2FuPpRrBH2zEbAPJ%2BPMvxi2ToByB8%3D', 'Nel': '{"report_to":"heroku-nel","max_age":3600,"success_fraction":0.005,"failure_fraction":0.05,"response_headers":["Via"]}', 'Connection': 'keep-alive', 'X-Powered-By': 'Express', 'Date': 'Sun, 17 Aug 2025 10:48:22 GMT', 'Content-Length': '0', 'Via': '1.1 vegur'} 
 body=None 
 </msg>
<msg time="2025-08-17T17:48:23.828695" level="INFO">${response} = &lt;Response [200]&gt;</msg>
<var>${response}</var>
<arg>alias=Logout</arg>
<arg>url=${LOGOUT_URI}</arg>
<arg>headers=${headers}</arg>
<doc>Sends a POST request on a previously created HTTP Session.</doc>
<status status="PASS" start="2025-08-17T17:48:22.725925" elapsed="1.102770"/>
</kw>
<kw name="Should Be Equal" owner="BuiltIn">
<arg>${response.status_code}</arg>
<arg>${200}</arg>
<doc>Fails if the given objects are unequal.</doc>
<status status="PASS" start="2025-08-17T17:48:23.828695" elapsed="0.000000"/>
</kw>
<status status="PASS" start="2025-08-17T17:48:22.725925" elapsed="1.102770"/>
</group>
<arg>bearer_token=${bearer_token}</arg>
<status status="PASS" start="2025-08-17T17:48:22.724925" elapsed="1.104771"/>
</kw>
<kw name="Delete user" owner="function_keywords">
<group name="Prepare User Deletion Headers">
<kw name="Create Dictionary" owner="BuiltIn">
<msg time="2025-08-17T17:48:23.829696" level="INFO">${headers} = {'Content-Type': 'application/json', 'Authorization': 'Bearer eyJhbGciOiJIUzI1NiIsInR5cCI6IkpXVCJ9.eyJfaWQiOiI2OGExYjM3MThhMGE0YjAwMTU5YTI3YTMiLCJpYXQiOjE3NTU0Mjc2OTd9.r8ujTF7ckxWs32o8cxne1zB47hOCFQYu...</msg>
<var>${headers}</var>
<arg>Content-Type=application/json</arg>
<arg>Authorization=Bearer ${bearer_token}</arg>
<doc>Creates and returns a dictionary based on the given ``items``.</doc>
<status status="PASS" start="2025-08-17T17:48:23.829696" elapsed="0.000000"/>
</kw>
<status status="PASS" start="2025-08-17T17:48:23.829696" elapsed="0.000000"/>
</group>
<group name="Call Get Contacts API">
<kw name="Create Session" owner="RequestsLibrary">
<msg time="2025-08-17T17:48:23.829696" level="INFO">Creating Session using : alias=Get Contacts, url=https://thinking-tester-contact-list.herokuapp.com, headers={},                     cookies={}, auth=None, timeout=None, proxies=None, verify=False,                     debug=0 </msg>
<arg>Get Contacts</arg>
<arg>${BASE_URL}</arg>
<doc>Create Session: create a HTTP session to a server</doc>
<status status="PASS" start="2025-08-17T17:48:23.829696" elapsed="0.000000"/>
</kw>
<kw name="GET On Session" owner="RequestsLibrary">
<msg time="2025-08-17T17:48:24.860212" level="INFO">GET Request : url=https://thinking-tester-contact-list.herokuapp.com/users/me 
 path_url=/users/me 
 headers={'User-Agent': 'python-requests/2.32.4', 'Accept-Encoding': 'gzip, deflate', 'Accept': '*/*', 'Connection': 'keep-alive', 'Content-Type': 'application/json', 'Authorization': 'Bearer eyJhbGciOiJIUzI1NiIsInR5cCI6IkpXVCJ9.eyJfaWQiOiI2OGExYjM3MThhMGE0YjAwMTU5YTI3YTMiLCJpYXQiOjE3NTU0Mjc2OTd9.r8ujTF7ckxWs32o8cxne1zB47hOCFQYu0clXDqVy-Dc'} 
 body=None 
 </msg>
<msg time="2025-08-17T17:48:24.860212" level="INFO">GET Response : url=https://thinking-tester-contact-list.herokuapp.com/users/me 
 status=200, reason=OK 
 headers={'Server': 'Cowboy', 'Report-To': '{"group":"heroku-nel","max_age":3600,"endpoints":[{"url":"https://nel.heroku.com/reports?ts=1755427703&amp;sid=af571f24-03ee-46d1-9f90-ab9030c2c74c&amp;s=ZNsDSXffG%2B%2FFXIiWpN7C%2FB1t236Py%2FHKoRj6r%2BvhDfc%3D"}]}', 'Reporting-Endpoints': 'heroku-nel=https://nel.heroku.com/reports?ts=1755427703&amp;sid=af571f24-03ee-46d1-9f90-ab9030c2c74c&amp;s=ZNsDSXffG%2B%2FFXIiWpN7C%2FB1t236Py%2FHKoRj6r%2BvhDfc%3D', 'Nel': '{"report_to":"heroku-nel","max_age":3600,"success_fraction":0.005,"failure_fraction":0.05,"response_headers":["Via"]}', 'Connection': 'keep-alive', 'X-Powered-By': 'Express', 'Content-Type': 'application/json; charset=utf-8', 'Content-Length': '121', 'Etag': 'W/"79-VCU5Rv5UX0LrSkVNpvZ6wPiTE88"', 'Date': 'Sun, 17 Aug 2025 10:48:23 GMT', 'Via': '1.1 vegur'} 
 body={"_id":"68a1b3718a0a4b00159a27a3","firstName":"Cassandra","lastName":"Patel","email":"t20250817174817@gmail.com","__v":1} 
 </msg>
<msg time="2025-08-17T17:48:24.860212" level="INFO">${response} = &lt;Response [200]&gt;</msg>
<var>${response}</var>
<arg>alias=Get Contacts</arg>
<arg>url=${DELETE_USER_URI}</arg>
<arg>headers=${headers}</arg>
<doc>Sends a GET request on a previously created HTTP Session.</doc>
<status status="PASS" start="2025-08-17T17:48:23.829696" elapsed="1.030516"/>
</kw>
<kw name="Should Be Equal" owner="BuiltIn">
<arg>${response.status_code}</arg>
<arg>${200}</arg>
<doc>Fails if the given objects are unequal.</doc>
<status status="PASS" start="2025-08-17T17:48:24.860212" elapsed="0.001116"/>
</kw>
<status status="PASS" start="2025-08-17T17:48:23.829696" elapsed="1.031632"/>
</group>
<arg>bearer_token=${registered_bearer_token}</arg>
<status status="PASS" start="2025-08-17T17:48:23.829696" elapsed="1.031632"/>
</kw>
<status status="PASS" start="2025-08-17T17:48:17.197694" elapsed="7.663634"/>
</test>
<status status="PASS" start="2025-08-17T17:48:16.709637" elapsed="8.152691"/>
</suite>
<status status="PASS" start="2025-08-17T17:48:16.689811" elapsed="8.172517"/>
</suite>
<statistics>
<total>
<stat pass="1" fail="0" skip="0">All Tests</stat>
</total>
<tag>
</tag>
<suite>
<stat name="Test" id="s1" pass="1" fail="0" skip="0">Test</stat>
<stat name="E2E" id="s1-s1" pass="1" fail="0" skip="0">Test.E2E</stat>
</suite>
</statistics>
<errors>
</errors>
</robot>
