<?xml version="1.0" encoding="UTF-8"?>
<robot generator="Robot 7.3.2 (Python 3.13.7 on darwin)" generated="2025-09-09T19:27:36.905366" rpa="false" schemaversion="5">
<suite id="s1" name="Robot-Framework-Email" source="/Users/user/Desktop/Personal Git/robot-framework/robot-framework-email">
<suite id="s1-s1" name="Tc02" source="/Users/user/Desktop/Personal Git/robot-framework/robot-framework-email/tc02.robot">
<test id="s1-s1-t1" name="Read Latest Email" line="5">
<kw name="Log To Console" owner="BuiltIn">
<arg>Here from test case 2</arg>
<doc>Logs the given message to the console.</doc>
<status status="PASS" start="2025-09-09T19:27:36.958673" elapsed="0.000113"/>
</kw>
<status status="PASS" start="2025-09-09T19:27:36.958287" elapsed="0.000565"/>
</test>
<status status="PASS" start="2025-09-09T19:27:36.914290" elapsed="0.044704"/>
</suite>
<status status="PASS" start="2025-09-09T19:27:36.909847" elapsed="0.049330"/>
</suite>
<statistics>
<total>
<stat pass="1" fail="0" skip="0">All Tests</stat>
</total>
<tag>
</tag>
<suite>
<stat name="Robot-Framework-Email" id="s1" pass="1" fail="0" skip="0">Robot-Framework-Email</stat>
<stat name="Tc02" id="s1-s1" pass="1" fail="0" skip="0">Robot-Framework-Email.Tc02</stat>
</suite>
</statistics>
<errors>
</errors>
</robot>
