<?xml version="1.0" encoding="UTF-8"?>
<robot generator="Robot 7.3.2 (Python 3.13.7 on darwin)" generated="2025-09-09T19:11:04.614646" rpa="false" schemaversion="5">
<suite id="s1" name="Robot-Framework" source="/Users/user/Desktop/Personal Git/robot-framework">
<suite id="s1-s1" name="Robot Framework-Email" source="/Users/user/Desktop/Personal Git/robot-framework/robot framework-email">
<suite id="s1-s1-s1" name="Email" source="/Users/user/Desktop/Personal Git/robot-framework/robot framework-email/email.robot">
<test id="s1-s1-s1-t1" name="Verify that an email is received in the inbox" line="6">
<kw name="Open Mailbox" owner="ImapLibrary">
<msg time="2025-09-09T19:11:05.825737" level="FAIL">error: b'[AUTHENTICATIONFAILED] Invalid credentials (Failure)'</msg>
<arg>host=imap.gmail.com</arg>
<arg>user=warit.automate@gmail.com</arg>
<arg>password=Crwarit777!</arg>
<arg>ssl=True</arg>
<doc>Open IMAP email client session to given ``host`` with given ``user`` and ``password``.</doc>
<status status="FAIL" start="2025-09-09T19:11:04.634002" elapsed="1.200763">error: b'[AUTHENTICATIONFAILED] Invalid credentials (Failure)'</status>
</kw>
<kw name="Get Email Body" owner="ImapLibrary">
<var>${body}</var>
<arg>email_index=1</arg>
<doc>Returns the decoded email body on multipart email message,
otherwise returns the body text.</doc>
<status status="NOT RUN" start="2025-09-09T19:11:05.835401" elapsed="0.000414"/>
</kw>
<kw name="Log To Console" owner="BuiltIn">
<arg>${body}</arg>
<doc>Logs the given message to the console.</doc>
<status status="NOT RUN" start="2025-09-09T19:11:05.836351" elapsed="0.000164"/>
</kw>
<kw name="Close Mailbox" owner="ImapLibrary">
<doc>Close IMAP email client session.</doc>
<status status="NOT RUN" start="2025-09-09T19:11:05.836797" elapsed="0.000130"/>
</kw>
<status status="FAIL" start="2025-09-09T19:11:04.632888" elapsed="1.204439">error: b'[AUTHENTICATIONFAILED] Invalid credentials (Failure)'</status>
</test>
<status status="FAIL" start="2025-09-09T19:11:04.626355" elapsed="1.226561"/>
</suite>
<status status="FAIL" start="2025-09-09T19:11:04.625333" elapsed="1.230250"/>
</suite>
<status status="FAIL" start="2025-09-09T19:11:04.616795" elapsed="1.241100"/>
</suite>
<statistics>
<total>
<stat pass="0" fail="1" skip="0">All Tests</stat>
</total>
<tag>
</tag>
<suite>
<stat name="Robot-Framework" id="s1" pass="0" fail="1" skip="0">Robot-Framework</stat>
<stat name="Robot Framework-Email" id="s1-s1" pass="0" fail="1" skip="0">Robot-Framework.Robot Framework-Email</stat>
<stat name="Email" id="s1-s1-s1" pass="0" fail="1" skip="0">Robot-Framework.Robot Framework-Email.Email</stat>
</suite>
</statistics>
<errors>
</errors>
</robot>
